<?xml version="1.0" encoding="UTF-8"?>
<testng-results skipped="1" failed="0" total="2" passed="1">
  <reporter-output>
  </reporter-output>
  <suite name="Default suite" duration-ms="35391" started-at="2017-10-24T08:47:36Z" finished-at="2017-10-24T08:48:11Z">
    <groups>
    </groups>
    <test name="Default test" duration-ms="35391" started-at="2017-10-24T08:47:36Z" finished-at="2017-10-24T08:48:11Z">
      <class name="gaode.gaode.test.TestSetting">
        <test-method status="PASS" signature="setUp()[pri:0, instance:gaode.gaode.test.TestSetting@4cc0edeb]" name="setUp" is-config="true" duration-ms="9933" started-at="2017-10-24T16:47:26Z" finished-at="2017-10-24T16:47:36Z">
          <reporter-output>
          </reporter-output>
        </test-method> <!-- setUp -->
        <test-method status="PASS" signature="beforeMethod()[pri:0, instance:gaode.gaode.test.TestSetting@4cc0edeb]" name="beforeMethod" is-config="true" duration-ms="22985" started-at="2017-10-24T16:47:36Z" finished-at="2017-10-24T16:47:59Z">
          <reporter-output>
          </reporter-output>
        </test-method> <!-- beforeMethod -->
        <test-method status="PASS" signature="testSettingMap()[pri:0, instance:gaode.gaode.test.TestSetting@4cc0edeb]" name="testSettingMap" duration-ms="2248" started-at="2017-10-24T16:47:59Z" finished-at="2017-10-24T16:48:01Z">
          <reporter-output>
          </reporter-output>
        </test-method> <!-- testSettingMap -->
        <test-method status="FAIL" signature="beforeMethod()[pri:0, instance:gaode.gaode.test.TestSetting@4cc0edeb]" name="beforeMethod" is-config="true" duration-ms="0" started-at="2017-10-24T16:48:01Z" finished-at="2017-10-24T16:48:01Z">
          <exception class="org.openqa.selenium.NoSuchElementException">
            <message>
              <![CDATA[An element could not be located on the page using the given search parameters. (WARNING: The server did not provide any stacktrace information)
Command duration or timeout: 10.14 seconds
For documentation on this error, please visit: http://seleniumhq.org/exceptions/no_such_element.html
Build info: version: '2.46.0', revision: '87c69e2', time: '2015-06-04 16:17:10'
System info: host: 'Timyang-PC', ip: '192.168.11.107', os.name: 'Windows 7', os.arch: 'amd64', os.version: '6.1', java.version: '1.8.0_101'
Driver info: io.appium.java_client.android.AndroidDriver
Capabilities [{appPackage=com.autonavi.minimap, networkConnectionEnabled=true, noSign=true, warnings={}, appWaitActivity=com.autonavi.map.activity.NewMapActivity, databaseEnabled=false, deviceName=BY3AME158E003597, platform=LINUX, appActivity=com.autonavi.map.activity.NewMapActivity, platfromName=Android, desired={appPackage=com.autonavi.minimap, appActivity=com.autonavi.map.activity.NewMapActivity, platfromName=Android, noSign=true, newCommandTimeout=30, appWaitActivity=com.autonavi.map.activity.NewMapActivity, sessionOverride=true, unicodeKeyboard=true, platformName=Android, deviceName=BY3AME158E003597, platfromVersion=4.4.2, resetKeyboard=true}, newCommandTimeout=30, platformVersion=4.4.2, webStorageEnabled=false, locationContextEnabled=false, browserName=Android, takesScreenshot=true, javascriptEnabled=true, sessionOverride=true, unicodeKeyboard=true, platformName=Android, platfromVersion=4.4.2, resetKeyboard=true}]
Session ID: 5f6760bd-ca3d-4a6b-b7bc-63043e5ac5ba
*** Element info: {Using=name, value=ÕÊºÅÉèÖÃ}]]>
            </message>
            <full-stacktrace>
              <![CDATA[org.openqa.selenium.NoSuchElementException: An element could not be located on the page using the given search parameters. (WARNING: The server did not provide any stacktrace information)
Command duration or timeout: 10.14 seconds
For documentation on this error, please visit: http://seleniumhq.org/exceptions/no_such_element.html
Build info: version: '2.46.0', revision: '87c69e2', time: '2015-06-04 16:17:10'
System info: host: 'Timyang-PC', ip: '192.168.11.107', os.name: 'Windows 7', os.arch: 'amd64', os.version: '6.1', java.version: '1.8.0_101'
Driver info: io.appium.java_client.android.AndroidDriver
Capabilities [{appPackage=com.autonavi.minimap, networkConnectionEnabled=true, noSign=true, warnings={}, appWaitActivity=com.autonavi.map.activity.NewMapActivity, databaseEnabled=false, deviceName=BY3AME158E003597, platform=LINUX, appActivity=com.autonavi.map.activity.NewMapActivity, platfromName=Android, desired={appPackage=com.autonavi.minimap, appActivity=com.autonavi.map.activity.NewMapActivity, platfromName=Android, noSign=true, newCommandTimeout=30, appWaitActivity=com.autonavi.map.activity.NewMapActivity, sessionOverride=true, unicodeKeyboard=true, platformName=Android, deviceName=BY3AME158E003597, platfromVersion=4.4.2, resetKeyboard=true}, newCommandTimeout=30, platformVersion=4.4.2, webStorageEnabled=false, locationContextEnabled=false, browserName=Android, takesScreenshot=true, javascriptEnabled=true, sessionOverride=true, unicodeKeyboard=true, platformName=Android, platfromVersion=4.4.2, resetKeyboard=true}]
Session ID: 5f6760bd-ca3d-4a6b-b7bc-63043e5ac5ba
*** Element info: {Using=name, value=ÕÊºÅÉèÖÃ}
	at sun.reflect.NativeConstructorAccessorImpl.newInstance0(Native Method)
	at sun.reflect.NativeConstructorAccessorImpl.newInstance(NativeConstructorAccessorImpl.java:62)
	at sun.reflect.DelegatingConstructorAccessorImpl.newInstance(DelegatingConstructorAccessorImpl.java:45)
	at java.lang.reflect.Constructor.newInstance(Constructor.java:423)
	at org.openqa.selenium.remote.ErrorHandler.createThrowable(ErrorHandler.java:204)
	at org.openqa.selenium.remote.ErrorHandler.throwIfResponseFailed(ErrorHandler.java:156)
	at org.openqa.selenium.remote.RemoteWebDriver.execute(RemoteWebDriver.java:605)
	at io.appium.java_client.DefaultGenericMobileDriver.execute(DefaultGenericMobileDriver.java:40)
	at io.appium.java_client.AppiumDriver.execute(AppiumDriver.java:1)
	at io.appium.java_client.android.AndroidDriver.execute(AndroidDriver.java:1)
	at org.openqa.selenium.remote.RemoteWebDriver.findElement(RemoteWebDriver.java:358)
	at io.appium.java_client.DefaultGenericMobileDriver.findElement(DefaultGenericMobileDriver.java:56)
	at io.appium.java_client.AppiumDriver.findElement(AppiumDriver.java:1)
	at io.appium.java_client.android.AndroidDriver.findElement(AndroidDriver.java:1)
	at org.openqa.selenium.remote.RemoteWebDriver.findElementByName(RemoteWebDriver.java:431)
	at io.appium.java_client.DefaultGenericMobileDriver.findElementByName(DefaultGenericMobileDriver.java:104)
	at io.appium.java_client.AppiumDriver.findElementByName(AppiumDriver.java:1)
	at io.appium.java_client.android.AndroidDriver.findElementByName(AndroidDriver.java:1)
	at org.openqa.selenium.By$ByName.findElement(By.java:300)
	at org.openqa.selenium.remote.RemoteWebDriver.findElement(RemoteWebDriver.java:350)
	at io.appium.java_client.DefaultGenericMobileDriver.findElement(DefaultGenericMobileDriver.java:52)
	at io.appium.java_client.AppiumDriver.findElement(AppiumDriver.java:1)
	at io.appium.java_client.android.AndroidDriver.findElement(AndroidDriver.java:1)
	at basePage.HomePage.getAccSetting(HomePage.java:33)
	at basePage.HomePage.toSetting(HomePage.java:94)
	at gaode.gaode.test.TestSetting.beforeMethod(TestSetting.java:15)
	at sun.reflect.NativeMethodAccessorImpl.invoke0(Native Method)
	at sun.reflect.NativeMethodAccessorImpl.invoke(NativeMethodAccessorImpl.java:62)
	at sun.reflect.DelegatingMethodAccessorImpl.invoke(DelegatingMethodAccessorImpl.java:43)
	at java.lang.reflect.Method.invoke(Method.java:498)
	at org.testng.internal.MethodInvocationHelper.invokeMethod(MethodInvocationHelper.java:84)
	at org.testng.internal.Invoker.invokeConfigurationMethod(Invoker.java:564)
	at org.testng.internal.Invoker.invokeConfigurations(Invoker.java:213)
	at org.testng.internal.Invoker.invokeMethod(Invoker.java:653)
	at org.testng.internal.Invoker.invokeTestMethod(Invoker.java:901)
	at org.testng.internal.Invoker.invokeTestMethods(Invoker.java:1231)
	at org.testng.internal.TestMethodWorker.invokeTestMethods(TestMethodWorker.java:127)
	at org.testng.internal.TestMethodWorker.run(TestMethodWorker.java:111)
	at org.testng.TestRunner.privateRun(TestRunner.java:767)
	at org.testng.TestRunner.run(TestRunner.java:617)
	at org.testng.SuiteRunner.runTest(SuiteRunner.java:334)
	at org.testng.SuiteRunner.runSequentially(SuiteRunner.java:329)
	at org.testng.SuiteRunner.privateRun(SuiteRunner.java:291)
	at org.testng.SuiteRunner.run(SuiteRunner.java:240)
	at org.testng.SuiteRunnerWorker.runSuite(SuiteRunnerWorker.java:52)
	at org.testng.SuiteRunnerWorker.run(SuiteRunnerWorker.java:86)
	at org.testng.TestNG.runSuitesSequentially(TestNG.java:1224)
	at org.testng.TestNG.runSuitesLocally(TestNG.java:1149)
	at org.testng.TestNG.run(TestNG.java:1057)
	at org.testng.remote.AbstractRemoteTestNG.run(AbstractRemoteTestNG.java:132)
	at org.testng.remote.RemoteTestNG.initAndRun(RemoteTestNG.java:230)
	at org.testng.remote.RemoteTestNG.main(RemoteTestNG.java:76)
]]>
            </full-stacktrace>
          </exception> <!-- org.openqa.selenium.NoSuchElementException -->
          <reporter-output>
          </reporter-output>
        </test-method> <!-- beforeMethod -->
        <test-method status="PASS" signature="afterMethod()[pri:0, instance:gaode.gaode.test.TestSetting@4cc0edeb]" name="afterMethod" is-config="true" duration-ms="0" started-at="2017-10-24T16:48:01Z" finished-at="2017-10-24T16:48:01Z">
          <reporter-output>
          </reporter-output>
        </test-method> <!-- afterMethod -->
        <test-method status="SKIP" signature="testSettingMap2()[pri:0, instance:gaode.gaode.test.TestSetting@4cc0edeb]" name="testSettingMap2" duration-ms="0" started-at="2017-10-24T16:48:11Z" finished-at="2017-10-24T16:48:11Z">
          <reporter-output>
          </reporter-output>
        </test-method> <!-- testSettingMap2 -->
        <test-method status="SKIP" signature="afterMethod()[pri:0, instance:gaode.gaode.test.TestSetting@4cc0edeb]" name="afterMethod" is-config="true" duration-ms="0" started-at="2017-10-24T16:48:11Z" finished-at="2017-10-24T16:48:11Z">
          <reporter-output>
          </reporter-output>
        </test-method> <!-- afterMethod -->
        <test-method status="SKIP" signature="tearDown()[pri:0, instance:gaode.gaode.test.TestSetting@4cc0edeb]" name="tearDown" is-config="true" duration-ms="0" started-at="2017-10-24T16:48:11Z" finished-at="2017-10-24T16:48:11Z">
          <reporter-output>
          </reporter-output>
        </test-method> <!-- tearDown -->
      </class> <!-- gaode.gaode.test.TestSetting -->
    </test> <!-- Default test -->
  </suite> <!-- Default suite -->
</testng-results>
