<?xml version="1.0" encoding="UTF-8"?>
<testng-results skipped="0" failed="0" total="2" passed="2">
  <reporter-output>
  </reporter-output>
  <suite name="Default suite" duration-ms="59149" started-at="2017-09-15T07:47:18Z" finished-at="2017-09-15T07:48:17Z">
    <groups>
    </groups>
    <test name="Default test" duration-ms="59149" started-at="2017-09-15T07:47:18Z" finished-at="2017-09-15T07:48:17Z">
      <class name="gaode.gaode.test.TestLogin">
        <test-method status="PASS" signature="setUp()[pri:0, instance:gaode.gaode.test.TestLogin@482f8f11]" name="setUp" is-config="true" duration-ms="11523" started-at="2017-09-15T15:47:07Z" finished-at="2017-09-15T15:47:18Z">
          <reporter-output>
          </reporter-output>
        </test-method> <!-- setUp -->
        <test-method status="PASS" signature="beforeTestcase()[pri:0, instance:gaode.gaode.test.TestLogin@482f8f11]" name="beforeTestcase" is-config="true" duration-ms="17936" started-at="2017-09-15T15:47:18Z" finished-at="2017-09-15T15:47:36Z">
          <reporter-output>
          </reporter-output>
        </test-method> <!-- beforeTestcase -->
        <test-method status="PASS" signature="testLogin1()[pri:0, instance:gaode.gaode.test.TestLogin@482f8f11]" name="testLogin1" duration-ms="20892" started-at="2017-09-15T15:47:36Z" finished-at="2017-09-15T15:47:57Z">
          <reporter-output>
          </reporter-output>
        </test-method> <!-- testLogin1 -->
        <test-method status="PASS" signature="afterTestcase()[pri:0, instance:gaode.gaode.test.TestLogin@482f8f11]" name="afterTestcase" is-config="true" duration-ms="572" started-at="2017-09-15T15:47:57Z" finished-at="2017-09-15T15:47:58Z">
          <reporter-output>
          </reporter-output>
        </test-method> <!-- afterTestcase -->
        <test-method status="PASS" signature="beforeTestcase()[pri:0, instance:gaode.gaode.test.TestLogin@482f8f11]" name="beforeTestcase" is-config="true" duration-ms="3626" started-at="2017-09-15T15:47:58Z" finished-at="2017-09-15T15:48:01Z">
          <reporter-output>
          </reporter-output>
        </test-method> <!-- beforeTestcase -->
        <test-method status="PASS" signature="testLogin2()[pri:0, instance:gaode.gaode.test.TestLogin@482f8f11]" name="testLogin2" duration-ms="15738" started-at="2017-09-15T15:48:01Z" finished-at="2017-09-15T15:48:17Z">
          <reporter-output>
          </reporter-output>
        </test-method> <!-- testLogin2 -->
        <test-method status="PASS" signature="afterTestcase()[pri:0, instance:gaode.gaode.test.TestLogin@482f8f11]" name="afterTestcase" is-config="true" duration-ms="364" started-at="2017-09-15T15:48:17Z" finished-at="2017-09-15T15:48:17Z">
          <reporter-output>
          </reporter-output>
        </test-method> <!-- afterTestcase -->
        <test-method status="PASS" signature="tearDown()[pri:0, instance:gaode.gaode.test.TestLogin@482f8f11]" name="tearDown" is-config="true" duration-ms="2085" started-at="2017-09-15T15:48:17Z" finished-at="2017-09-15T15:48:19Z">
          <reporter-output>
          </reporter-output>
        </test-method> <!-- tearDown -->
      </class> <!-- gaode.gaode.test.TestLogin -->
    </test> <!-- Default test -->
  </suite> <!-- Default suite -->
</testng-results>
